<?xml version="1.0" encoding="UTF-8"?>
<testng-results skipped="0" failed="0" ignored="0" total="1" passed="1">
  <reporter-output>
  </reporter-output>
  <suite name="Surefire suite" duration-ms="25850" started-at="2020-08-21T10:02:01 CLT" finished-at="2020-08-21T10:02:27 CLT">
    <groups>
    </groups>
    <test name="Surefire test" duration-ms="25850" started-at="2020-08-21T10:02:01 CLT" finished-at="2020-08-21T10:02:27 CLT">
      <class name="demo.PetStore.test.Test_demo">
        <test-method status="PASS" signature="configExtentReports()[pri:0, instance:demo.PetStore.test.Test_demo@4b952a2d]" name="configExtentReports" is-config="true" duration-ms="185" started-at="2020-08-21T10:02:01 CLT" finished-at="2020-08-21T10:02:01 CLT">
          <reporter-output>
          </reporter-output>
        </test-method> <!-- configExtentReports -->
        <test-method status="PASS" signature="configSelenium()[pri:0, instance:demo.PetStore.test.Test_demo@4b952a2d]" name="configSelenium" is-config="true" duration-ms="21977" started-at="2020-08-21T10:02:01 CLT" finished-at="2020-08-21T10:02:23 CLT">
          <reporter-output>
          </reporter-output>
        </test-method> <!-- configSelenium -->
        <test-method status="PASS" signature="test_Demo()[pri:0, instance:demo.PetStore.test.Test_demo@4b952a2d]" name="test_Demo" duration-ms="3826" started-at="2020-08-21T10:02:23 CLT" description="Test Demo" finished-at="2020-08-21T10:02:27 CLT">
          <reporter-output>
          </reporter-output>
        </test-method> <!-- test_Demo -->
        <test-method status="PASS" signature="afterMethod(org.testng.ITestResult)[pri:0, instance:demo.PetStore.test.Test_demo@4b952a2d]" name="afterMethod" is-config="true" duration-ms="5" started-at="2020-08-21T10:02:27 CLT" finished-at="2020-08-21T10:02:27 CLT">
          <params>
            <param index="0">
              <value>
                <![CDATA[[TestResult name=test_Demo status=SUCCESS method=Test_demo.test_Demo()[pri:0, instance:demo.PetStore.test.Test_demo@4b952a2d] output={null}]]]>
              </value>
            </param>
          </params>
          <reporter-output>
          </reporter-output>
        </test-method> <!-- afterMethod -->
        <test-method status="PASS" signature="closeExtentReports()[pri:0, instance:demo.PetStore.test.Test_demo@4b952a2d]" name="closeExtentReports" is-config="true" duration-ms="348" started-at="2020-08-21T10:02:27 CLT" finished-at="2020-08-21T10:02:27 CLT">
          <reporter-output>
          </reporter-output>
        </test-method> <!-- closeExtentReports -->
      </class> <!-- demo.PetStore.test.Test_demo -->
    </test> <!-- Surefire test -->
  </suite> <!-- Surefire suite -->
</testng-results>
